<?xml version="1.0" encoding="UTF-8"?>
<testsuite xmlns:xsi="http://www.w3.org/2001/XMLSchema-instance" xsi:noNamespaceSchemaLocation="https://maven.apache.org/surefire/maven-surefire-plugin/xsd/surefire-test-report-3.0.xsd" version="3.0" name="com.bezkoder.spring.jpa.h2.SpringBootJpaH2ApplicationTests" time="11.63" tests="1" errors="0" skipped="0" failures="0">
  <properties>
[...]
</properties>
  <testcase name="contextLoads" classname="com.bezkoder.spring.jpa.h2.SpringBootJpaH2ApplicationTests" time="0.398">
    <system-out><![CDATA[13:29:57.876 [main] DEBUG org.springframework.test.context.BootstrapUtils - Instantiating CacheAwareContextLoaderDelegate from class [org.springframework.test.context.cache.DefaultCacheAwareContextLoaderDelegate]
13:29:57.911 [main] DEBUG org.springframework.test.context.BootstrapUtils - Instantiating BootstrapContext using constructor [public org.springframework.test.context.support.DefaultBootstrapContext(java.lang.Class,org.springframework.test.context.CacheAwareContextLoaderDelegate)]
13:29:58.027 [main] DEBUG org.springframework.test.context.BootstrapUtils - Instantiating TestContextBootstrapper for test class [com.bezkoder.spring.jpa.h2.SpringBootJpaH2ApplicationTests] from class [org.springframework.boot.test.context.SpringBootTestContextBootstrapper]
13:29:58.066 [main] INFO org.springframework.boot.test.context.SpringBootTestContextBootstrapper - Neither @ContextConfiguration nor @ContextHierarchy found for test class [com.bezkoder.spring.jpa.h2.SpringBootJpaH2ApplicationTests], using SpringBootContextLoader
13:29:58.082 [main] DEBUG org.springframework.test.context.support.AbstractContextLoader - Did not detect default resource location for test class [com.bezkoder.spring.jpa.h2.SpringBootJpaH2ApplicationTests]: class path resource [com/bezkoder/spring/jpa/h2/SpringBootJpaH2ApplicationTests-context.xml] does not exist
13:29:58.083 [main] DEBUG org.springframework.test.context.support.AbstractContextLoader - Did not detect default resource location for test class [com.bezkoder.spring.jpa.h2.SpringBootJpaH2ApplicationTests]: class path resource [com/bezkoder/spring/jpa/h2/SpringBootJpaH2ApplicationTestsContext.groovy] does not exist
13:29:58.083 [main] INFO org.springframework.test.context.support.AbstractContextLoader - Could not detect default resource locations for test class [com.bezkoder.spring.jpa.h2.SpringBootJpaH2ApplicationTests]: no resource found for suffixes {-context.xml, Context.groovy}.
13:29:58.084 [main] INFO org.springframework.test.context.support.AnnotationConfigContextLoaderUtils - Could not detect default configuration classes for test class [com.bezkoder.spring.jpa.h2.SpringBootJpaH2ApplicationTests]: SpringBootJpaH2ApplicationTests does not declare any static, non-private, non-final, nested classes annotated with @Configuration.
13:29:58.202 [main] DEBUG org.springframework.test.context.support.ActiveProfilesUtils - Could not find an 'annotation declaring class' for annotation type [org.springframework.test.context.ActiveProfiles] and class [com.bezkoder.spring.jpa.h2.SpringBootJpaH2ApplicationTests]
13:29:58.394 [main] DEBUG org.springframework.context.annotation.ClassPathScanningCandidateComponentProvider - Identified candidate component class: file [C:\Users\yandi.cordova.cobas\eclipse-workspace\practica_final_backend\target\classes\com\bezkoder\spring\jpa\h2\SpringBootJpaH2Application.class]
13:29:58.398 [main] INFO org.springframework.boot.test.context.SpringBootTestContextBootstrapper - Found @SpringBootConfiguration com.bezkoder.spring.jpa.h2.SpringBootJpaH2Application for test class com.bezkoder.spring.jpa.h2.SpringBootJpaH2ApplicationTests
13:29:58.733 [main] DEBUG org.springframework.boot.test.context.SpringBootTestContextBootstrapper - @TestExecutionListeners is not present for class [com.bezkoder.spring.jpa.h2.SpringBootJpaH2ApplicationTests]: using defaults.
13:29:58.735 [main] INFO org.springframework.boot.test.context.SpringBootTestContextBootstrapper - Loaded default TestExecutionListener class names from location [META-INF/spring.factories]: [org.springframework.boot.test.mock.mockito.MockitoTestExecutionListener, org.springframework.boot.test.mock.mockito.ResetMocksTestExecutionListener, org.springframework.boot.test.autoconfigure.restdocs.RestDocsTestExecutionListener, org.springframework.boot.test.autoconfigure.web.client.MockRestServiceServerResetTestExecutionListener, org.springframework.boot.test.autoconfigure.web.servlet.MockMvcPrintOnlyOnFailureTestExecutionListener, org.springframework.boot.test.autoconfigure.web.servlet.WebDriverTestExecutionListener, org.springframework.boot.test.autoconfigure.webservices.client.MockWebServiceServerTestExecutionListener, org.springframework.test.context.web.ServletTestExecutionListener, org.springframework.test.context.support.DirtiesContextBeforeModesTestExecutionListener, org.springframework.test.context.event.ApplicationEventsTestExecutionListener, org.springframework.test.context.support.DependencyInjectionTestExecutionListener, org.springframework.test.context.support.DirtiesContextTestExecutionListener, org.springframework.test.context.transaction.TransactionalTestExecutionListener, org.springframework.test.context.jdbc.SqlScriptsTestExecutionListener, org.springframework.test.context.event.EventPublishingTestExecutionListener]
13:29:58.794 [main] INFO org.springframework.boot.test.context.SpringBootTestContextBootstrapper - Using TestExecutionListeners: [org.springframework.test.context.web.ServletTestExecutionListener@6c15e8c7, org.springframework.test.context.support.DirtiesContextBeforeModesTestExecutionListener@56380231, org.springframework.test.context.event.ApplicationEventsTestExecutionListener@64f1fd08, org.springframework.boot.test.mock.mockito.MockitoTestExecutionListener@6b3f6585, org.springframework.boot.test.autoconfigure.SpringBootDependencyInjectionTestExecutionListener@282ffbf5, org.springframework.test.context.support.DirtiesContextTestExecutionListener@3e104d4b, org.springframework.test.context.transaction.TransactionalTestExecutionListener@55e2fe3c, org.springframework.test.context.jdbc.SqlScriptsTestExecutionListener@45e1aa48, org.springframework.test.context.event.EventPublishingTestExecutionListener@12c60152, org.springframework.boot.test.mock.mockito.ResetMocksTestExecutionListener@2e807c54, org.springframework.boot.test.autoconfigure.restdocs.RestDocsTestExecutionListener@6cd164a6, org.springframework.boot.test.autoconfigure.web.client.MockRestServiceServerResetTestExecutionListener@242a209e, org.springframework.boot.test.autoconfigure.web.servlet.MockMvcPrintOnlyOnFailureTestExecutionListener@64469d8, org.springframework.boot.test.autoconfigure.web.servlet.WebDriverTestExecutionListener@2b8bd798, org.springframework.boot.test.autoconfigure.webservices.client.MockWebServiceServerTestExecutionListener@4c18621b]
13:29:58.805 [main] DEBUG org.springframework.test.context.support.AbstractDirtiesContextTestExecutionListener - Before test class: context [DefaultTestContext@76db540e testClass = SpringBootJpaH2ApplicationTests, testInstance = [null], testMethod = [null], testException = [null], mergedContextConfiguration = [WebMergedContextConfiguration@10358c32 testClass = SpringBootJpaH2ApplicationTests, locations = '{}', classes = '{class com.bezkoder.spring.jpa.h2.SpringBootJpaH2Application}', contextInitializerClasses = '[]', activeProfiles = '{}', propertySourceLocations = '{}', propertySourceProperties = '{org.springframework.boot.test.context.SpringBootTestContextBootstrapper=true}', contextCustomizers = set[org.springframework.boot.test.context.filter.ExcludeFilterContextCustomizer@38d5b107, org.springframework.boot.test.json.DuplicateJsonObjectContextCustomizerFactory$DuplicateJsonObjectContextCustomizer@1e8823d2, org.springframework.boot.test.mock.mockito.MockitoContextCustomizer@0, org.springframework.boot.test.web.client.TestRestTemplateContextCustomizer@2472c7d8, org.springframework.boot.test.autoconfigure.actuate.metrics.MetricsExportContextCustomizerFactory$DisableMetricExportContextCustomizer@2a415aa9, org.springframework.boot.test.autoconfigure.properties.PropertyMappingContextCustomizer@0, org.springframework.boot.test.autoconfigure.web.servlet.WebDriverContextCustomizerFactory$Customizer@60222fd8, org.springframework.boot.test.context.SpringBootTestArgs@1, org.springframework.boot.test.context.SpringBootTestWebEnvironment@7188af83], resourceBasePath = 'src/main/webapp', contextLoader = 'org.springframework.boot.test.context.SpringBootContextLoader', parent = [null]], attributes = map['org.springframework.test.context.web.ServletTestExecutionListener.activateListener' -> true]], class annotated with @DirtiesContext [false] with mode [null].

  .   ____          _            __ _ _
 /\\ / ___'_ __ _ _(_)_ __  __ _ \ \ \ \
( ( )\___ | '_ | '_| | '_ \/ _` | \ \ \ \
 \\/  ___)| |_)| | | | | || (_| |  ) ) ) )
  '  |____| .__|_| |_|_| |_\__, | / / / /
 =========|_|==============|___/=/_/_/_/
 :: Spring Boot ::                (v2.7.0)

2023-05-25 13:29:59.880  INFO 12840 --- [           main] .b.s.j.h.SpringBootJpaH2ApplicationTests : Starting SpringBootJpaH2ApplicationTests using Java 17.0.6 on C11-YXS3J3LL7SX with PID 12840 (started by yandi.cordova.cobas in C:\Users\yandi.cordova.cobas\eclipse-workspace\practica_final_backend)
2023-05-25 13:29:59.884  INFO 12840 --- [           main] .b.s.j.h.SpringBootJpaH2ApplicationTests : No active profile set, falling back to 1 default profile: "default"
2023-05-25 13:30:01.665  INFO 12840 --- [           main] .s.d.r.c.RepositoryConfigurationDelegate : Bootstrapping Spring Data JPA repositories in DEFAULT mode.
2023-05-25 13:30:01.757  INFO 12840 --- [           main] .s.d.r.c.RepositoryConfigurationDelegate : Finished Spring Data repository scanning in 75 ms. Found 1 JPA repository interfaces.
2023-05-25 13:30:03.163  INFO 12840 --- [           main] o.hibernate.jpa.internal.util.LogHelper  : HHH000204: Processing PersistenceUnitInfo [name: default]
2023-05-25 13:30:03.454  INFO 12840 --- [           main] org.hibernate.Version                    : HHH000412: Hibernate ORM core version 5.6.9.Final
2023-05-25 13:30:04.045  INFO 12840 --- [           main] o.hibernate.annotations.common.Version   : HCANN000001: Hibernate Commons Annotations {5.1.2.Final}
2023-05-25 13:30:04.434  INFO 12840 --- [           main] com.zaxxer.hikari.HikariDataSource       : HikariPool-1 - Starting...
2023-05-25 13:30:05.079  INFO 12840 --- [           main] com.zaxxer.hikari.HikariDataSource       : HikariPool-1 - Start completed.
2023-05-25 13:30:05.125  INFO 12840 --- [           main] org.hibernate.dialect.Dialect            : HHH000400: Using dialect: org.hibernate.dialect.H2Dialect
Hibernate: create table tutorials (id bigint not null, description varchar(255), published boolean, title varchar(255), primary key (id))
Hibernate: create sequence hibernate_sequence start with 1 increment by 1
2023-05-25 13:30:06.453  INFO 12840 --- [           main] o.h.e.t.j.p.i.JtaPlatformInitiator       : HHH000490: Using JtaPlatform implementation: [org.hibernate.engine.transaction.jta.platform.internal.NoJtaPlatform]
2023-05-25 13:30:06.471  INFO 12840 --- [           main] j.LocalContainerEntityManagerFactoryBean : Initialized JPA EntityManagerFactory for persistence unit 'default'
2023-05-25 13:30:07.705  WARN 12840 --- [           main] JpaBaseConfiguration$JpaWebConfiguration : spring.jpa.open-in-view is enabled by default. Therefore, database queries may be performed during view rendering. Explicitly configure spring.jpa.open-in-view to disable this warning
2023-05-25 13:30:08.245  INFO 12840 --- [           main] o.s.b.a.h2.H2ConsoleAutoConfiguration    : H2 console available at '/h2-ui'. Database available at 'jdbc:h2:mem:testdb'
2023-05-25 13:30:08.873  INFO 12840 --- [           main] .b.s.j.h.SpringBootJpaH2ApplicationTests : Started SpringBootJpaH2ApplicationTests in 9.936 seconds (JVM running for 12.72)
]]></system-out>
  </testcase>
</testsuite>